mode: set
library_api/features/book/service/service.go:15.42,19.2 1 1
library_api/features/book/service/service.go:22.95,24.16 2 1
library_api/features/book/service/service.go:24.16,26.3 1 1
library_api/features/book/service/service.go:27.2,27.26 1 1
library_api/features/book/service/service.go:27.26,29.3 1 1
library_api/features/book/service/service.go:31.2,32.16 2 1
library_api/features/book/service/service.go:32.16,34.3 1 1
library_api/features/book/service/service.go:36.2,36.20 1 1
library_api/features/book/service/service.go:40.109,42.16 2 1
library_api/features/book/service/service.go:42.16,44.3 1 1
library_api/features/book/service/service.go:45.2,45.26 1 1
library_api/features/book/service/service.go:45.26,47.3 1 1
library_api/features/book/service/service.go:49.2,50.16 2 1
library_api/features/book/service/service.go:50.16,52.3 1 1
library_api/features/book/service/service.go:54.2,54.20 1 1
library_api/features/book/service/service.go:58.76,60.16 2 1
library_api/features/book/service/service.go:60.16,62.3 1 1
library_api/features/book/service/service.go:63.2,63.26 1 1
library_api/features/book/service/service.go:63.26,65.3 1 1
library_api/features/book/service/service.go:66.2,67.12 2 1
library_api/features/book/service/service.go:71.101,73.16 2 1
library_api/features/book/service/service.go:73.16,75.3 1 1
library_api/features/book/service/service.go:77.2,77.30 1 1
library_api/features/book/service/service.go:81.65,83.16 2 0
library_api/features/book/service/service.go:83.16,85.3 1 0
library_api/features/book/service/service.go:87.2,87.20 1 0
library_api/features/user/service/service.go:18.66,23.2 1 1
library_api/features/user/service/service.go:26.80,27.35 1 1
library_api/features/user/service/service.go:27.35,29.3 1 1
library_api/features/user/service/service.go:30.2,32.16 2 1
library_api/features/user/service/service.go:32.16,33.49 1 1
library_api/features/user/service/service.go:33.49,35.4 1 1
library_api/features/user/service/service.go:36.3,36.57 1 1
library_api/features/user/service/service.go:39.2,41.16 2 1
library_api/features/user/service/service.go:41.16,43.3 1 1
library_api/features/user/service/service.go:45.2,45.20 1 1
library_api/features/user/service/service.go:49.71,50.24 1 1
library_api/features/user/service/service.go:50.24,52.3 1 1
library_api/features/user/service/service.go:53.2,53.25 1 1
library_api/features/user/service/service.go:53.25,55.3 1 1
library_api/features/user/service/service.go:56.2,56.28 1 1
library_api/features/user/service/service.go:56.28,58.3 1 1
library_api/features/user/service/service.go:60.2,62.16 2 1
library_api/features/user/service/service.go:62.16,64.3 1 1
library_api/features/user/service/service.go:66.2,69.16 3 1
library_api/features/user/service/service.go:69.16,70.49 1 1
library_api/features/user/service/service.go:70.49,72.4 1 1
library_api/features/user/service/service.go:73.3,73.66 1 1
library_api/features/user/service/service.go:76.2,76.20 1 1
library_api/features/user/service/service.go:80.98,82.16 2 1
library_api/features/user/service/service.go:82.16,84.3 1 1
library_api/features/user/service/service.go:86.2,86.48 1 1
library_api/features/user/service/service.go:86.48,88.3 1 1
library_api/features/user/service/service.go:90.2,91.16 2 1
library_api/features/user/service/service.go:91.16,93.3 1 1
library_api/features/user/service/service.go:94.2,94.50 1 1
library_api/features/user/service/service.go:94.50,97.17 2 1
library_api/features/user/service/service.go:97.17,99.4 1 1
library_api/features/user/service/service.go:102.2,102.29 1 1
library_api/features/user/service/service.go:102.29,103.51 1 1
library_api/features/user/service/service.go:103.51,105.4 1 1
library_api/features/user/service/service.go:106.3,107.17 2 1
library_api/features/user/service/service.go:107.17,109.4 1 1
library_api/features/user/service/service.go:110.3,110.30 1 1
library_api/features/user/service/service.go:113.2,114.16 2 1
library_api/features/user/service/service.go:114.16,117.3 1 1
library_api/features/user/service/service.go:118.2,118.21 1 1
library_api/features/user/service/service.go:122.95,124.16 2 1
library_api/features/user/service/service.go:124.16,126.3 1 1
library_api/features/user/service/service.go:128.2,128.48 1 1
library_api/features/user/service/service.go:128.48,130.3 1 1
library_api/features/user/service/service.go:131.2,132.16 2 1
library_api/features/user/service/service.go:132.16,134.3 1 1
library_api/features/user/service/service.go:135.2,135.30 1 1
library_api/features/user/service/service.go:135.30,137.3 1 0
library_api/features/user/service/service.go:138.2,139.16 2 1
library_api/features/user/service/service.go:139.16,142.3 1 1
library_api/features/user/service/service.go:143.2,143.21 1 1
library_api/features/user/service/service.go:147.78,149.16 2 1
library_api/features/user/service/service.go:149.16,151.3 1 1
library_api/features/user/service/service.go:152.2,152.21 1 1
library_api/features/user/service/service.go:152.21,154.3 1 1
library_api/features/user/service/service.go:155.2,155.46 1 1
library_api/features/user/service/service.go:155.46,157.3 1 1
library_api/features/user/service/service.go:158.2,159.16 2 1
library_api/features/user/service/service.go:159.16,161.3 1 1
library_api/features/user/service/service.go:162.2,162.54 1 1
library_api/features/user/service/service.go:162.54,164.3 1 1
library_api/features/user/service/service.go:165.2,166.16 2 1
library_api/features/user/service/service.go:166.16,168.3 1 1
library_api/features/user/service/service.go:170.2,170.12 1 1
library_api/features/user/service/service.go:174.122,176.16 2 1
library_api/features/user/service/service.go:176.16,178.3 1 1
library_api/features/user/service/service.go:179.2,179.26 1 1
library_api/features/user/service/service.go:179.26,181.3 1 1
library_api/features/user/service/service.go:183.2,184.16 2 1
library_api/features/user/service/service.go:184.16,186.3 1 1
library_api/features/user/service/service.go:188.2,188.30 1 1
library_api/features/transaction/service/service.go:15.56,19.2 1 1
library_api/features/transaction/service/service.go:22.109,24.16 2 1
library_api/features/transaction/service/service.go:24.16,26.3 1 1
library_api/features/transaction/service/service.go:27.2,27.21 1 1
library_api/features/transaction/service/service.go:27.21,29.3 1 1
library_api/features/transaction/service/service.go:30.2,31.16 2 1
library_api/features/transaction/service/service.go:31.16,33.3 1 1
library_api/features/transaction/service/service.go:34.2,34.20 1 1
library_api/features/transaction/service/service.go:38.147,40.16 2 1
library_api/features/transaction/service/service.go:40.16,42.3 1 1
library_api/features/transaction/service/service.go:43.2,43.21 1 1
library_api/features/transaction/service/service.go:43.21,45.3 1 0
library_api/features/transaction/service/service.go:46.2,46.26 1 1
library_api/features/transaction/service/service.go:46.26,48.3 1 1
library_api/features/transaction/service/service.go:50.2,51.16 2 1
library_api/features/transaction/service/service.go:51.16,53.3 1 0
library_api/features/transaction/service/service.go:55.2,55.31 1 1
library_api/features/transaction/service/service.go:59.155,61.16 2 1
library_api/features/transaction/service/service.go:61.16,63.3 1 1
library_api/features/transaction/service/service.go:64.2,64.21 1 1
library_api/features/transaction/service/service.go:64.21,66.3 1 1
library_api/features/transaction/service/service.go:67.2,67.26 1 1
library_api/features/transaction/service/service.go:67.26,69.3 1 1
library_api/features/transaction/service/service.go:70.2,71.16 2 1
library_api/features/transaction/service/service.go:71.16,73.3 1 0
library_api/features/transaction/service/service.go:74.2,74.20 1 1
