mode: set
library_api/features/transaction/service/service.go:15.56,19.2 1 1
library_api/features/transaction/service/service.go:22.109,24.16 2 1
library_api/features/transaction/service/service.go:24.16,26.3 1 1
library_api/features/transaction/service/service.go:27.2,27.21 1 1
library_api/features/transaction/service/service.go:27.21,29.3 1 1
library_api/features/transaction/service/service.go:30.2,31.16 2 1
library_api/features/transaction/service/service.go:31.16,33.3 1 1
library_api/features/transaction/service/service.go:34.2,34.20 1 1
library_api/features/transaction/service/service.go:38.147,40.16 2 1
library_api/features/transaction/service/service.go:40.16,42.3 1 1
library_api/features/transaction/service/service.go:43.2,43.21 1 1
library_api/features/transaction/service/service.go:43.21,45.3 1 0
library_api/features/transaction/service/service.go:46.2,46.26 1 1
library_api/features/transaction/service/service.go:46.26,48.3 1 1
library_api/features/transaction/service/service.go:50.2,51.16 2 1
library_api/features/transaction/service/service.go:51.16,53.3 1 0
library_api/features/transaction/service/service.go:55.2,55.31 1 1
library_api/features/transaction/service/service.go:59.155,61.16 2 1
library_api/features/transaction/service/service.go:61.16,63.3 1 1
library_api/features/transaction/service/service.go:64.2,64.21 1 1
library_api/features/transaction/service/service.go:64.21,66.3 1 1
library_api/features/transaction/service/service.go:67.2,67.26 1 1
library_api/features/transaction/service/service.go:67.26,69.3 1 1
library_api/features/transaction/service/service.go:70.2,71.16 2 1
library_api/features/transaction/service/service.go:71.16,73.3 1 0
library_api/features/transaction/service/service.go:74.2,74.20 1 1
